<?xml version="1.0" encoding="UTF-8"?>
<testng-results ignored="0" total="1" passed="1" failed="0" skipped="0">
  <reporter-output>
  </reporter-output>
  <suite started-at="2023-08-24T13:27:51 IST" name="Default suite" finished-at="2023-08-24T13:27:57 IST" duration-ms="5476">
    <groups>
    </groups>
    <test started-at="2023-08-24T13:27:51 IST" name="Default test" finished-at="2023-08-24T13:27:57 IST" duration-ms="5476">
      <class name="Reqres_PojoClass.CreateUserByPojoClass">
        <test-method signature="Createuser()[pri:0, instance:Reqres_PojoClass.CreateUserByPojoClass@34b7ac2f]" started-at="2023-08-24T13:27:51 IST" name="Createuser" finished-at="2023-08-24T13:27:57 IST" duration-ms="5370" status="PASS">
          <reporter-output>
          </reporter-output>
        </test-method> <!-- Createuser -->
      </class> <!-- Reqres_PojoClass.CreateUserByPojoClass -->
    </test> <!-- Default test -->
  </suite> <!-- Default suite -->
</testng-results>
