<?xml version="1.0" encoding="UTF-8"?>
<testng-results ignored="0" total="1" passed="1" failed="0" skipped="0">
  <reporter-output>
  </reporter-output>
  <suite started-at="2023-08-29T16:58:10 IST" name="Default suite" finished-at="2023-08-29T16:58:29 IST" duration-ms="18318">
    <groups>
    </groups>
    <test started-at="2023-08-29T16:58:10 IST" name="Default test" finished-at="2023-08-29T16:58:29 IST" duration-ms="18318">
      <class name="ShopperStack.RegisterAsAShopper">
        <test-method signature="Register()[pri:0, instance:ShopperStack.RegisterAsAShopper@6f96c77]" started-at="2023-08-29T16:58:11 IST" name="Register" finished-at="2023-08-29T16:58:29 IST" duration-ms="18255" status="PASS">
          <reporter-output>
          </reporter-output>
        </test-method> <!-- Register -->
      </class> <!-- ShopperStack.RegisterAsAShopper -->
    </test> <!-- Default test -->
  </suite> <!-- Default suite -->
</testng-results>
